<?xml version="1.0" encoding="UTF-8"?>
<!-- Generated by org.testng.reporters.JUnitReportReporter -->
<testsuite hostname="ahmed" failures="0" tests="1" name="AcadmyTest.validateNavigationBar" time="0.060" errors="0" timestamp="2021-03-31T18:30:55 EDT" skipped="0">
  <testcase classname="AcadmyTest.validateNavigationBar" name="validateNavigationBar" time="0.060"/>
  <system-out/>
</testsuite> <!-- AcadmyTest.validateNavigationBar -->
