<?xml version="1.0" encoding="UTF-8"?>
<!-- Generated by org.testng.reporters.JUnitReportReporter -->
<testsuite hostname="ahmed" failures="0" tests="2" name="AcadmyTest.HomePage" time="14.490" errors="0" timestamp="2021-03-31T18:30:55 EDT" skipped="0">
  <testcase classname="AcadmyTest.HomePage" name="basePageNavigation" time="9.890"/>
  <system-out/>
  <testcase classname="AcadmyTest.HomePage" name="basePageNavigation" time="4.600"/>
  <system-out/>
</testsuite> <!-- AcadmyTest.HomePage -->
